0 info it worked if it ends with ok
1 verbose cli [ 'C:\\Program Files (x86)\\nodejs\\node.exe',
1 verbose cli   'C:\\Users\\ngreen\\AppData\\Roaming\\npm\\node_modules\\npm\\bin\\npm-cli.js',
1 verbose cli   'version',
1 verbose cli   '-g',
1 verbose cli   'pug' ]
2 info using npm@3.8.5
3 info using node@v4.4.7
4 error version No valid package.json found
5 verbose stack Error: Error: ENOENT: no such file or directory, open 'c:\Users\ngreen\dev\nategreen.design\package.json'
5 verbose stack     at ReadFileContext.<anonymous> (C:\Users\ngreen\AppData\Roaming\npm\node_modules\npm\lib\version.js:110:23)
5 verbose stack     at ReadFileContext.callback (C:\Users\ngreen\AppData\Roaming\npm\node_modules\npm\node_modules\graceful-fs\graceful-fs.js:78:16)
5 verbose stack     at FSReqWrap.readFileAfterOpen [as oncomplete] (fs.js:303:13)
6 verbose cwd c:\Users\ngreen\dev\nategreen.design
7 error Windows_NT 6.1.7601
8 error argv "C:\\Program Files (x86)\\nodejs\\node.exe" "C:\\Users\\ngreen\\AppData\\Roaming\\npm\\node_modules\\npm\\bin\\npm-cli.js" "version" "-g" "pug"
9 error node v4.4.7
10 error npm  v3.8.5
11 error code [ 'Error: ENOENT',
11 error code   'ENOENT',
11 error code   index: 0,
11 error code   input: 'Error: ENOENT: no such file or directory, open \'c:\\Users\\ngreen\\dev\\nategreen.design\\package.json\'' ]
12 error Error: ENOENT: no such file or directory, open 'c:\Users\ngreen\dev\nategreen.design\package.json'
13 error If you need help, you may report this error at:
13 error     <https://github.com/npm/npm/issues>
14 verbose exit [ 1, true ]
